Customer Name: Emre Yılmaz
Customer ID: 70608329
Timespan: 2023-11-11 04:09:27 - 2023-11-12 04:09:27
Central: EVKA4-4
Connection Type: Fiber
Subscription Speed: 500 Mbps

[2023-11-11 04:39:27] Link Up              Speed:  502 Mbps Central: EVKA4-4    Central Status: Online  
[2023-11-11 05:09:27] Link Up              Speed:  518 Mbps Central: EVKA4-4    Central Status: Online  
[2023-11-11 05:39:27] Link Up              Speed:  487 Mbps Central: EVKA4-4    Central Status: Online  
[2023-11-11 06:09:27] Link Up              Speed:  480 Mbps Central: EVKA4-4    Central Status: Online  
[2023-11-11 06:39:27] Link Up              Speed:  482 Mbps Central: EVKA4-4    Central Status: Online  
[2023-11-11 07:09:27] Link Up              Speed:  513 Mbps Central: EVKA4-4    Central Status: Online  
[2023-11-11 07:39:27] Link Up              Speed:  490 Mbps Central: EVKA4-4    Central Status: Online  
[2023-11-11 08:09:27] Link Up              Speed:  510 Mbps Central: EVKA4-4    Central Status: Online  
[2023-11-11 08:39:27] Link Up              Speed:  488 Mbps Central: EVKA4-4    Central Status: Online  
[2023-11-11 09:09:27] Link Up              Speed:  499 Mbps Central: EVKA4-4    Central Status: Online  
[2023-11-11 09:39:27] Link Up              Speed:  517 Mbps Central: EVKA4-4    Central Status: Online  
[2023-11-11 10:09:27] Link Up              Speed:  524 Mbps Central: EVKA4-4    Central Status: Online  
[2023-11-11 10:39:27] Link Up              Speed:  505 Mbps Central: EVKA4-4    Central Status: Online  
[2023-11-11 11:09:27] Link Up              Speed:  505 Mbps Central: EVKA4-4    Central Status: Online  
[2023-11-11 11:39:27] Link Up              Speed:  500 Mbps Central: EVKA4-4    Central Status: Online  
[2023-11-11 12:09:27] Link Up              Speed:  490 Mbps Central: EVKA4-4    Central Status: Online  
[2023-11-11 12:39:27] Link Up              Speed:  498 Mbps Central: EVKA4-4    Central Status: Online  
[2023-11-11 13:09:27] Link Up              Speed:  476 Mbps Central: EVKA4-4    Central Status: Online  
[2023-11-11 13:39:27] Link Up              Speed:  493 Mbps Central: EVKA4-4    Central Status: Online  
[2023-11-11 14:09:27] Link Up              Speed:  517 Mbps Central: EVKA4-4    Central Status: Online  
[2023-11-11 14:39:27] Link Up              Speed:  521 Mbps Central: EVKA4-4    Central Status: Online  
[2023-11-11 15:09:27] Link Up              Speed:  486 Mbps Central: EVKA4-4    Central Status: Online  
[2023-11-11 15:39:27] Link Up              Speed:  497 Mbps Central: EVKA4-4    Central Status: Online  
[2023-11-11 16:09:27] Link Up              Speed:  502 Mbps Central: EVKA4-4    Central Status: Online  
[2023-11-11 16:39:27] Link Up              Speed:  489 Mbps Central: EVKA4-4    Central Status: Online  
[2023-11-11 17:09:27] Link Up              Speed:  495 Mbps Central: EVKA4-4    Central Status: Online  
[2023-11-11 17:39:27] Link Up              Speed:  477 Mbps Central: EVKA4-4    Central Status: Online  
[2023-11-11 18:09:27] Link Up              Speed:  503 Mbps Central: EVKA4-4    Central Status: Online  
[2023-11-11 18:39:27] Link Up              Speed:  498 Mbps Central: EVKA4-4    Central Status: Online  
[2023-11-11 19:09:27] Link Up              Speed:  501 Mbps Central: EVKA4-4    Central Status: Online  
[2023-11-11 19:39:27] Link Up              Speed:  501 Mbps Central: EVKA4-4    Central Status: Online  
[2023-11-11 20:09:27] Link Up              Speed:  520 Mbps Central: EVKA4-4    Central Status: Online  
[2023-11-11 20:39:27] Link Up              Speed:  496 Mbps Central: EVKA4-4    Central Status: Online  
[2023-11-11 21:09:27] Link Up              Speed:  515 Mbps Central: EVKA4-4    Central Status: Online  
[2023-11-11 21:39:27] Link Up              Speed:  487 Mbps Central: EVKA4-4    Central Status: Online  
[2023-11-11 22:09:27] Link Up              Speed:  496 Mbps Central: EVKA4-4    Central Status: Online  
[2023-11-11 22:39:27] Link Up              Speed:  475 Mbps Central: EVKA4-4    Central Status: Online  
[2023-11-11 23:09:27] Link Up              Speed:  501 Mbps Central: EVKA4-4    Central Status: Online  
[2023-11-11 23:39:27] Link Up              Speed:  496 Mbps Central: EVKA4-4    Central Status: Online  
[2023-11-12 00:09:27] Link Up              Speed:  509 Mbps Central: EVKA4-4    Central Status: Online  
[2023-11-12 00:39:27] Link Up              Speed:  484 Mbps Central: EVKA4-4    Central Status: Online  
[2023-11-12 01:09:27] Link Up              Speed:  504 Mbps Central: EVKA4-4    Central Status: Online  
[2023-11-12 01:39:27] Link Up              Speed:  478 Mbps Central: EVKA4-4    Central Status: Online  
[2023-11-12 02:09:27] Link Up              Speed:  479 Mbps Central: EVKA4-4    Central Status: Online  
[2023-11-12 02:39:27] Link Up              Speed:  475 Mbps Central: EVKA4-4    Central Status: Online  
[2023-11-12 03:09:27] Link Up              Speed:  504 Mbps Central: EVKA4-4    Central Status: Online  
[2023-11-12 03:39:27] Link Up              Speed:  491 Mbps Central: EVKA4-4    Central Status: Online  
[2023-11-12 04:09:27] Link Up              Speed:  514 Mbps Central: EVKA4-4    Central Status: Online  
