Customer Name: Mehmet Özcan
Customer ID: 27582916
Timespan: 2023-11-11 04:09:27 - 2023-11-12 04:09:27
Central: KARANTINA-20
Connection Type: VDSL
Subscription Speed: 50 Mbps

[2023-11-11 04:26:27] Link Down            Speed:    0 Mbps Central: KARANTINA-20 Central Status: Online  
[2023-11-11 05:04:27] Link Up              Speed:   32 Mbps Central: KARANTINA-20 Central Status: Online  
[2023-11-11 05:15:27] Link Down            Speed:    0 Mbps Central: KARANTINA-20 Central Status: Online  
[2023-11-11 05:51:27] Link Up              Speed:   16 Mbps Central: KARANTINA-20 Central Status: Online  
[2023-11-11 06:07:27] Link Down            Speed:    0 Mbps Central: KARANTINA-20 Central Status: Online  
[2023-11-11 06:25:27] Link Up              Speed:   14 Mbps Central: KARANTINA-20 Central Status: Online  
[2023-11-11 06:57:27] Link Down            Speed:    0 Mbps Central: KARANTINA-20 Central Status: Online  
[2023-11-11 07:38:27] Link Up              Speed:   15 Mbps Central: KARANTINA-20 Central Status: Online  
[2023-11-11 08:02:27] Link Down            Speed:    0 Mbps Central: KARANTINA-20 Central Status: Online  
[2023-11-11 08:34:27] Link Up              Speed:   14 Mbps Central: KARANTINA-20 Central Status: Online  
[2023-11-11 09:01:27] Link Down            Speed:    0 Mbps Central: KARANTINA-20 Central Status: Online  
[2023-11-11 09:10:27] Link Up              Speed:   38 Mbps Central: KARANTINA-20 Central Status: Online  
[2023-11-11 09:18:27] Link Down            Speed:    0 Mbps Central: KARANTINA-20 Central Status: Online  
[2023-11-11 09:45:27] Link Up              Speed:   22 Mbps Central: KARANTINA-20 Central Status: Online  
[2023-11-11 10:13:27] Link Down            Speed:    0 Mbps Central: KARANTINA-20 Central Status: Online  
[2023-11-11 10:24:27] Link Up              Speed:   23 Mbps Central: KARANTINA-20 Central Status: Online  
[2023-11-11 10:29:27] Link Down            Speed:    0 Mbps Central: KARANTINA-20 Central Status: Online  
[2023-11-11 11:11:27] Link Up              Speed:   12 Mbps Central: KARANTINA-20 Central Status: Online  
[2023-11-11 11:37:27] Link Down            Speed:    0 Mbps Central: KARANTINA-20 Central Status: Online  
[2023-11-11 11:44:27] Link Up              Speed:   21 Mbps Central: KARANTINA-20 Central Status: Online  
[2023-11-11 12:02:27] Link Down            Speed:    0 Mbps Central: KARANTINA-20 Central Status: Online  
[2023-11-11 12:27:27] Link Up              Speed:   22 Mbps Central: KARANTINA-20 Central Status: Online  
[2023-11-11 12:52:27] Link Down            Speed:    0 Mbps Central: KARANTINA-20 Central Status: Online  
[2023-11-11 13:03:27] Link Up              Speed:   27 Mbps Central: KARANTINA-20 Central Status: Online  
[2023-11-11 13:39:27] Link Down            Speed:    0 Mbps Central: KARANTINA-20 Central Status: Online  
[2023-11-11 14:14:27] Link Up              Speed:   28 Mbps Central: KARANTINA-20 Central Status: Online  
[2023-11-11 14:40:27] Link Down            Speed:    0 Mbps Central: KARANTINA-20 Central Status: Online  
[2023-11-11 14:53:27] Link Up              Speed:   15 Mbps Central: KARANTINA-20 Central Status: Online  
[2023-11-11 15:19:27] Link Down            Speed:    0 Mbps Central: KARANTINA-20 Central Status: Online  
[2023-11-11 15:49:27] Link Up              Speed:   29 Mbps Central: KARANTINA-20 Central Status: Online  
[2023-11-11 16:01:27] Link Down            Speed:    0 Mbps Central: KARANTINA-20 Central Status: Online  
[2023-11-11 16:11:27] Link Up              Speed:   35 Mbps Central: KARANTINA-20 Central Status: Online  
[2023-11-11 16:18:27] Link Down            Speed:    0 Mbps Central: KARANTINA-20 Central Status: Online  
[2023-11-11 16:23:27] Link Up              Speed:   32 Mbps Central: KARANTINA-20 Central Status: Online  
[2023-11-11 16:57:27] Link Down            Speed:    0 Mbps Central: KARANTINA-20 Central Status: Online  
[2023-11-11 17:28:27] Link Up              Speed:   43 Mbps Central: KARANTINA-20 Central Status: Online  
[2023-11-11 17:47:27] Link Down            Speed:    0 Mbps Central: KARANTINA-20 Central Status: Online  
[2023-11-11 18:30:27] Link Up              Speed:   39 Mbps Central: KARANTINA-20 Central Status: Online  
[2023-11-11 19:14:27] Link Down            Speed:    0 Mbps Central: KARANTINA-20 Central Status: Online  
[2023-11-11 19:35:27] Link Up              Speed:   50 Mbps Central: KARANTINA-20 Central Status: Online  
[2023-11-11 20:06:27] Link Down            Speed:    0 Mbps Central: KARANTINA-20 Central Status: Online  
[2023-11-11 20:40:27] Link Up              Speed:   39 Mbps Central: KARANTINA-20 Central Status: Online  
[2023-11-11 21:23:27] Link Down            Speed:    0 Mbps Central: KARANTINA-20 Central Status: Online  
[2023-11-11 21:58:27] Link Up              Speed:   29 Mbps Central: KARANTINA-20 Central Status: Online  
[2023-11-11 22:40:27] Link Down            Speed:    0 Mbps Central: KARANTINA-20 Central Status: Online  
[2023-11-11 22:53:27] Link Up              Speed:   34 Mbps Central: KARANTINA-20 Central Status: Online  
[2023-11-11 23:37:27] Link Down            Speed:    0 Mbps Central: KARANTINA-20 Central Status: Online  
[2023-11-12 00:18:27] Link Up              Speed:   17 Mbps Central: KARANTINA-20 Central Status: Online  
[2023-11-12 01:00:27] Link Down            Speed:    0 Mbps Central: KARANTINA-20 Central Status: Online  
[2023-11-12 01:17:27] Link Up              Speed:   34 Mbps Central: KARANTINA-20 Central Status: Online  
[2023-11-12 01:26:27] Link Down            Speed:    0 Mbps Central: KARANTINA-20 Central Status: Online  
[2023-11-12 01:47:27] Link Up              Speed:   49 Mbps Central: KARANTINA-20 Central Status: Online  
[2023-11-12 02:19:27] Link Down            Speed:    0 Mbps Central: KARANTINA-20 Central Status: Online  
[2023-11-12 02:38:27] Link Up              Speed:   35 Mbps Central: KARANTINA-20 Central Status: Online  
[2023-11-12 03:17:27] Link Down            Speed:    0 Mbps Central: KARANTINA-20 Central Status: Online  
[2023-11-12 03:31:27] Link Up              Speed:   23 Mbps Central: KARANTINA-20 Central Status: Online  
[2023-11-12 04:11:27] Link Down            Speed:    0 Mbps Central: KARANTINA-20 Central Status: Online  
