Customer Name: Fatma Demir
Customer ID: 15709922
Timespan: 2023-11-11 04:13:00 - 2023-11-12 04:13:00
Central: BALCOVA-11
Connection Type: Fiber
Subscription Speed: 500 Mbps

[2023-11-11 04:43:00] Link Up              Speed:  487 Mbps Central: BALCOVA-11 Central Status: Online  
[2023-11-11 05:13:00] Link Up              Speed:  507 Mbps Central: BALCOVA-11 Central Status: Online  
[2023-11-11 05:43:00] Link Up              Speed:  504 Mbps Central: BALCOVA-11 Central Status: Online  
[2023-11-11 06:13:00] Link Up              Speed:  494 Mbps Central: BALCOVA-11 Central Status: Online  
[2023-11-11 06:43:00] Link Up              Speed:  514 Mbps Central: BALCOVA-11 Central Status: Online  
[2023-11-11 07:13:00] Link Up              Speed:  504 Mbps Central: BALCOVA-11 Central Status: Online  
[2023-11-11 07:43:00] Link Up              Speed:  503 Mbps Central: BALCOVA-11 Central Status: Online  
[2023-11-11 08:13:00] Link Up              Speed:  524 Mbps Central: BALCOVA-11 Central Status: Online  
[2023-11-11 08:43:00] Link Up              Speed:  518 Mbps Central: BALCOVA-11 Central Status: Online  
[2023-11-11 09:13:00] Link Up              Speed:  475 Mbps Central: BALCOVA-11 Central Status: Online  
[2023-11-11 09:43:00] Link Up              Speed:  479 Mbps Central: BALCOVA-11 Central Status: Online  
[2023-11-11 10:13:00] Link Up              Speed:  516 Mbps Central: BALCOVA-11 Central Status: Online  
[2023-11-11 10:43:00] Link Up              Speed:  491 Mbps Central: BALCOVA-11 Central Status: Online  
[2023-11-11 11:13:00] Link Up              Speed:  508 Mbps Central: BALCOVA-11 Central Status: Online  
[2023-11-11 11:43:00] Link Up              Speed:  478 Mbps Central: BALCOVA-11 Central Status: Online  
[2023-11-11 12:13:00] Link Up              Speed:  491 Mbps Central: BALCOVA-11 Central Status: Online  
[2023-11-11 12:43:00] Link Up              Speed:  518 Mbps Central: BALCOVA-11 Central Status: Online  
[2023-11-11 13:13:00] Link Up              Speed:  492 Mbps Central: BALCOVA-11 Central Status: Online  
[2023-11-11 13:43:00] Link Up              Speed:  486 Mbps Central: BALCOVA-11 Central Status: Online  
[2023-11-11 14:13:00] Link Up              Speed:  501 Mbps Central: BALCOVA-11 Central Status: Online  
[2023-11-11 14:43:00] Link Up              Speed:  480 Mbps Central: BALCOVA-11 Central Status: Online  
[2023-11-11 15:13:00] Link Up              Speed:  524 Mbps Central: BALCOVA-11 Central Status: Online  
[2023-11-11 15:43:00] Link Up              Speed:  475 Mbps Central: BALCOVA-11 Central Status: Online  
[2023-11-11 16:13:00] Link Up              Speed:  495 Mbps Central: BALCOVA-11 Central Status: Online  
[2023-11-11 16:43:00] Link Down            Speed:    0 Mbps Central: BALCOVA-11 Central Status: Offline 
[2023-11-11 17:13:00] Link Down            Speed:    0 Mbps Central: BALCOVA-11 Central Status: Offline 
[2023-11-11 17:43:00] Link Down            Speed:    0 Mbps Central: BALCOVA-11 Central Status: Offline 
[2023-11-11 18:13:00] Link Down            Speed:    0 Mbps Central: BALCOVA-11 Central Status: Offline 
[2023-11-11 18:43:00] Link Up              Speed:  476 Mbps Central: BALCOVA-11 Central Status: Online  
[2023-11-11 19:13:00] Link Up              Speed:  525 Mbps Central: BALCOVA-11 Central Status: Online  
[2023-11-11 19:43:00] Link Up              Speed:  514 Mbps Central: BALCOVA-11 Central Status: Online  
[2023-11-11 20:13:00] Link Up              Speed:  499 Mbps Central: BALCOVA-11 Central Status: Online  
[2023-11-11 20:43:00] Link Up              Speed:  481 Mbps Central: BALCOVA-11 Central Status: Online  
[2023-11-11 21:13:00] Link Up              Speed:  514 Mbps Central: BALCOVA-11 Central Status: Online  
[2023-11-11 21:43:00] Link Up              Speed:  507 Mbps Central: BALCOVA-11 Central Status: Online  
[2023-11-11 22:13:00] Link Up              Speed:  510 Mbps Central: BALCOVA-11 Central Status: Online  
[2023-11-11 22:43:00] Link Up              Speed:  482 Mbps Central: BALCOVA-11 Central Status: Online  
[2023-11-11 23:13:00] Link Up              Speed:  506 Mbps Central: BALCOVA-11 Central Status: Online  
[2023-11-11 23:43:00] Link Up              Speed:  481 Mbps Central: BALCOVA-11 Central Status: Online  
[2023-11-12 00:13:00] Link Up              Speed:  498 Mbps Central: BALCOVA-11 Central Status: Online  
[2023-11-12 00:43:00] Link Up              Speed:  488 Mbps Central: BALCOVA-11 Central Status: Online  
[2023-11-12 01:13:00] Link Up              Speed:  510 Mbps Central: BALCOVA-11 Central Status: Online  
[2023-11-12 01:43:00] Link Up              Speed:  486 Mbps Central: BALCOVA-11 Central Status: Online  
[2023-11-12 02:13:00] Link Up              Speed:  482 Mbps Central: BALCOVA-11 Central Status: Online  
[2023-11-12 02:43:00] Link Up              Speed:  512 Mbps Central: BALCOVA-11 Central Status: Online  
[2023-11-12 03:13:00] Link Up              Speed:  492 Mbps Central: BALCOVA-11 Central Status: Online  
[2023-11-12 03:43:00] Link Up              Speed:  507 Mbps Central: BALCOVA-11 Central Status: Online  
[2023-11-12 04:13:00] Link Up              Speed:  498 Mbps Central: BALCOVA-11 Central Status: Online  
